{"name":"TC-08 - Login","status":"failed","statusDetails":{"known":false,"muted":false,"flaky":false,"message":"Error finding expected image FindFailed: C:\\\\automation\\\\test-automation\\\\OrangeHRMproject\\\\imgRepository\\\\jpgUnder.jpg: (198x199) in R[0,0 1366x768]@S(0)\n  Line 2287, in file Region.java\n","trace":"java.lang.AssertionError: Error finding expected image FindFailed: C:\\\\automation\\\\test-automation\\\\OrangeHRMproject\\\\imgRepository\\\\jpgUnder.jpg: (198x199) in R[0,0 1366x768]@S(0)\n  Line 2287, in file Region.java\n\r\n\tat org.testng.AssertJUnit.fail(AssertJUnit.java:47)\r\n\tat extentions.Verifications.visualElement(Verifications.java:66)\r\n\tat workflows.WebFlows.myInfoUploadPhoto(WebFlows.java:106)\r\n\tat sanity.OrangeHRMWeb.TC_08(OrangeHRMWeb.java:49)\r\n\tat sun.reflect.NativeMethodAccessorImpl.invoke0(Native Method)\r\n\tat sun.reflect.NativeMethodAccessorImpl.invoke(NativeMethodAccessorImpl.java:62)\r\n\tat sun.reflect.DelegatingMethodAccessorImpl.invoke(DelegatingMethodAccessorImpl.java:43)\r\n\tat java.lang.reflect.Method.invoke(Method.java:498)\r\n\tat org.testng.internal.MethodInvocationHelper.invokeMethod(MethodInvocationHelper.java:133)\r\n\tat org.testng.internal.TestInvoker.invokeMethod(TestInvoker.java:584)\r\n\tat org.testng.internal.TestInvoker.invokeTestMethod(TestInvoker.java:172)\r\n\tat org.testng.internal.MethodRunner.runInSequence(MethodRunner.java:46)\r\n\tat org.testng.internal.TestInvoker$MethodInvocationAgent.invoke(TestInvoker.java:804)\r\n\tat org.testng.internal.TestInvoker.invokeTestMethods(TestInvoker.java:145)\r\n\tat org.testng.internal.TestMethodWorker.invokeTestMethods(TestMethodWorker.java:146)\r\n\tat org.testng.internal.TestMethodWorker.run(TestMethodWorker.java:128)\r\n\tat java.util.ArrayList.forEach(ArrayList.java:1257)\r\n\tat org.testng.TestRunner.privateRun(TestRunner.java:770)\r\n\tat org.testng.TestRunner.run(TestRunner.java:591)\r\n\tat org.testng.SuiteRunner.runTest(SuiteRunner.java:402)\r\n\tat org.testng.SuiteRunner.runSequentially(SuiteRunner.java:396)\r\n\tat org.testng.SuiteRunner.privateRun(SuiteRunner.java:355)\r\n\tat org.testng.SuiteRunner.run(SuiteRunner.java:304)\r\n\tat org.testng.SuiteRunnerWorker.runSuite(SuiteRunnerWorker.java:53)\r\n\tat org.testng.SuiteRunnerWorker.run(SuiteRunnerWorker.java:96)\r\n\tat org.testng.TestNG.runSuitesSequentially(TestNG.java:1180)\r\n\tat org.testng.TestNG.runSuitesLocally(TestNG.java:1102)\r\n\tat org.testng.TestNG.runSuites(TestNG.java:1032)\r\n\tat org.testng.TestNG.run(TestNG.java:1000)\r\n\tat com.intellij.rt.testng.IDEARemoteTestNG.run(IDEARemoteTestNG.java:66)\r\n\tat com.intellij.rt.testng.RemoteTestNGStarter.main(RemoteTestNGStarter.java:109)\r\n"},"stage":"finished","description":"This test upload a specific type of file and check if it appear as profile picture","steps":[{"name":"Click on element","status":"passed","stage":"finished","steps":[],"attachments":[],"parameters":[{"name":"elem","value":"[[ChromeDriver: chrome on WINDOWS (b71c40f76698638ee0e86d686420b253)] -> xpath: //*[@id='menu_pim_viewMyDetails']]"}],"start":1616351649700,"stop":1616351650761},{"name":"Business flow - Upload my info photograph and check success","status":"failed","statusDetails":{"known":false,"muted":false,"flaky":false,"message":"Error finding expected image FindFailed: C:\\\\automation\\\\test-automation\\\\OrangeHRMproject\\\\imgRepository\\\\jpgUnder.jpg: (198x199) in R[0,0 1366x768]@S(0)\n  Line 2287, in file Region.java\n","trace":"java.lang.AssertionError: Error finding expected image FindFailed: C:\\\\automation\\\\test-automation\\\\OrangeHRMproject\\\\imgRepository\\\\jpgUnder.jpg: (198x199) in R[0,0 1366x768]@S(0)\n  Line 2287, in file Region.java\n\r\n\tat org.testng.AssertJUnit.fail(AssertJUnit.java:47)\r\n\tat extentions.Verifications.visualElement(Verifications.java:66)\r\n\tat workflows.WebFlows.myInfoUploadPhoto(WebFlows.java:106)\r\n\tat sanity.OrangeHRMWeb.TC_08(OrangeHRMWeb.java:49)\r\n\tat sun.reflect.NativeMethodAccessorImpl.invoke0(Native Method)\r\n\tat sun.reflect.NativeMethodAccessorImpl.invoke(NativeMethodAccessorImpl.java:62)\r\n\tat sun.reflect.DelegatingMethodAccessorImpl.invoke(DelegatingMethodAccessorImpl.java:43)\r\n\tat java.lang.reflect.Method.invoke(Method.java:498)\r\n\tat org.testng.internal.MethodInvocationHelper.invokeMethod(MethodInvocationHelper.java:133)\r\n\tat org.testng.internal.TestInvoker.invokeMethod(TestInvoker.java:584)\r\n\tat org.testng.internal.TestInvoker.invokeTestMethod(TestInvoker.java:172)\r\n\tat org.testng.internal.MethodRunner.runInSequence(MethodRunner.java:46)\r\n\tat org.testng.internal.TestInvoker$MethodInvocationAgent.invoke(TestInvoker.java:804)\r\n\tat org.testng.internal.TestInvoker.invokeTestMethods(TestInvoker.java:145)\r\n\tat org.testng.internal.TestMethodWorker.invokeTestMethods(TestMethodWorker.java:146)\r\n\tat org.testng.internal.TestMethodWorker.run(TestMethodWorker.java:128)\r\n\tat java.util.ArrayList.forEach(ArrayList.java:1257)\r\n\tat org.testng.TestRunner.privateRun(TestRunner.java:770)\r\n\tat org.testng.TestRunner.run(TestRunner.java:591)\r\n\tat org.testng.SuiteRunner.runTest(SuiteRunner.java:402)\r\n\tat org.testng.SuiteRunner.runSequentially(SuiteRunner.java:396)\r\n\tat org.testng.SuiteRunner.privateRun(SuiteRunner.java:355)\r\n\tat org.testng.SuiteRunner.run(SuiteRunner.java:304)\r\n\tat org.testng.SuiteRunnerWorker.runSuite(SuiteRunnerWorker.java:53)\r\n\tat org.testng.SuiteRunnerWorker.run(SuiteRunnerWorker.java:96)\r\n\tat org.testng.TestNG.runSuitesSequentially(TestNG.java:1180)\r\n\tat org.testng.TestNG.runSuitesLocally(TestNG.java:1102)\r\n\tat org.testng.TestNG.runSuites(TestNG.java:1032)\r\n\tat org.testng.TestNG.run(TestNG.java:1000)\r\n\tat com.intellij.rt.testng.IDEARemoteTestNG.run(IDEARemoteTestNG.java:66)\r\n\tat com.intellij.rt.testng.RemoteTestNGStarter.main(RemoteTestNGStarter.java:109)\r\n"},"stage":"finished","steps":[{"name":"Click on element","status":"passed","stage":"finished","steps":[],"attachments":[],"parameters":[{"name":"elem","value":"[[ChromeDriver: chrome on WINDOWS (b71c40f76698638ee0e86d686420b253)] -> xpath: //div[@class='imageHolder']]"}],"start":1616351650785,"stop":1616351651551},{"name":"Upload file","status":"passed","stage":"finished","steps":[],"attachments":[],"parameters":[{"name":"elem","value":"[[ChromeDriver: chrome on WINDOWS (b71c40f76698638ee0e86d686420b253)] -> id: photofile]"},{"name":"fileName","value":"jpgUnder.jpg"}],"start":1616351651573,"stop":1616351651716},{"name":"Click on element","status":"passed","stage":"finished","steps":[],"attachments":[],"parameters":[{"name":"elem","value":"[[ChromeDriver: chrome on WINDOWS (b71c40f76698638ee0e86d686420b253)] -> id: btnSave]"}],"start":1616351651740,"stop":1616351652980},{"name":"Verify element visually","status":"failed","statusDetails":{"known":false,"muted":false,"flaky":false,"message":"Error finding expected image FindFailed: C:\\\\automation\\\\test-automation\\\\OrangeHRMproject\\\\imgRepository\\\\jpgUnder.jpg: (198x199) in R[0,0 1366x768]@S(0)\n  Line 2287, in file Region.java\n","trace":"java.lang.AssertionError: Error finding expected image FindFailed: C:\\\\automation\\\\test-automation\\\\OrangeHRMproject\\\\imgRepository\\\\jpgUnder.jpg: (198x199) in R[0,0 1366x768]@S(0)\n  Line 2287, in file Region.java\n\r\n\tat org.testng.AssertJUnit.fail(AssertJUnit.java:47)\r\n\tat extentions.Verifications.visualElement(Verifications.java:66)\r\n\tat workflows.WebFlows.myInfoUploadPhoto(WebFlows.java:106)\r\n\tat sanity.OrangeHRMWeb.TC_08(OrangeHRMWeb.java:49)\r\n\tat sun.reflect.NativeMethodAccessorImpl.invoke0(Native Method)\r\n\tat sun.reflect.NativeMethodAccessorImpl.invoke(NativeMethodAccessorImpl.java:62)\r\n\tat sun.reflect.DelegatingMethodAccessorImpl.invoke(DelegatingMethodAccessorImpl.java:43)\r\n\tat java.lang.reflect.Method.invoke(Method.java:498)\r\n\tat org.testng.internal.MethodInvocationHelper.invokeMethod(MethodInvocationHelper.java:133)\r\n\tat org.testng.internal.TestInvoker.invokeMethod(TestInvoker.java:584)\r\n\tat org.testng.internal.TestInvoker.invokeTestMethod(TestInvoker.java:172)\r\n\tat org.testng.internal.MethodRunner.runInSequence(MethodRunner.java:46)\r\n\tat org.testng.internal.TestInvoker$MethodInvocationAgent.invoke(TestInvoker.java:804)\r\n\tat org.testng.internal.TestInvoker.invokeTestMethods(TestInvoker.java:145)\r\n\tat org.testng.internal.TestMethodWorker.invokeTestMethods(TestMethodWorker.java:146)\r\n\tat org.testng.internal.TestMethodWorker.run(TestMethodWorker.java:128)\r\n\tat java.util.ArrayList.forEach(ArrayList.java:1257)\r\n\tat org.testng.TestRunner.privateRun(TestRunner.java:770)\r\n\tat org.testng.TestRunner.run(TestRunner.java:591)\r\n\tat org.testng.SuiteRunner.runTest(SuiteRunner.java:402)\r\n\tat org.testng.SuiteRunner.runSequentially(SuiteRunner.java:396)\r\n\tat org.testng.SuiteRunner.privateRun(SuiteRunner.java:355)\r\n\tat org.testng.SuiteRunner.run(SuiteRunner.java:304)\r\n\tat org.testng.SuiteRunnerWorker.runSuite(SuiteRunnerWorker.java:53)\r\n\tat org.testng.SuiteRunnerWorker.run(SuiteRunnerWorker.java:96)\r\n\tat org.testng.TestNG.runSuitesSequentially(TestNG.java:1180)\r\n\tat org.testng.TestNG.runSuitesLocally(TestNG.java:1102)\r\n\tat org.testng.TestNG.runSuites(TestNG.java:1032)\r\n\tat org.testng.TestNG.run(TestNG.java:1000)\r\n\tat com.intellij.rt.testng.IDEARemoteTestNG.run(IDEARemoteTestNG.java:66)\r\n\tat com.intellij.rt.testng.RemoteTestNGStarter.main(RemoteTestNGStarter.java:109)\r\n"},"stage":"finished","steps":[],"attachments":[],"parameters":[{"name":"expectedImageName","value":"jpgUnder.jpg"}],"start":1616351652980,"stop":1616351653316}],"attachments":[],"parameters":[{"name":"fileName","value":"jpgUnder"},{"name":"fileType","value":"jpg"},{"name":"validFile","value":"valid"}],"start":1616351650761,"stop":1616351653316}],"attachments":[{"name":"Page Screen-Shot","source":"f6468af3-b0f0-492c-ba5d-aae9b62f3888-attachment","type":"image/png"}],"parameters":[{"name":"arg2","value":"valid"},{"name":"arg1","value":"jpg"},{"name":"arg0","value":"jpgUnder"}],"start":1616351649683,"stop":1616351654283,"uuid":"816fb1be-19ce-4c58-9ea8-bd6fb169dcca","historyId":"367fe233fd2d0e5070b16674ef1eb2fa","fullName":"sanity.OrangeHRMWeb.TC_08","labels":[{"name":"package","value":"sanity.OrangeHRMWeb"},{"name":"testClass","value":"sanity.OrangeHRMWeb"},{"name":"testMethod","value":"TC_08"},{"name":"parentSuite","value":"Default Suite"},{"name":"suite","value":"OrangeHRMproject"},{"name":"subSuite","value":"sanity.OrangeHRMWeb"},{"name":"host","value":"DESKTOP-82JU422"},{"name":"thread","value":"13548@DESKTOP-82JU422.main(1)"},{"name":"framework","value":"testng"},{"name":"language","value":"java"}],"links":[]}