{"name":"TC-08 - Login","status":"failed","statusDetails":{"known":false,"muted":false,"flaky":false,"message":"Error finding expected image FindFailed: C:\\\\automation\\\\test-automation\\\\OrangeHRMproject\\\\imgRepository\\\\pngUnder1.png: (1366x768) in R[0,0 1366x768]@S(0)\n  Line 2287, in file Region.java\n","trace":"java.lang.AssertionError: Error finding expected image FindFailed: C:\\\\automation\\\\test-automation\\\\OrangeHRMproject\\\\imgRepository\\\\pngUnder1.png: (1366x768) in R[0,0 1366x768]@S(0)\n  Line 2287, in file Region.java\n\r\n\tat org.testng.AssertJUnit.fail(AssertJUnit.java:47)\r\n\tat extentions.Verifications.visualElement(Verifications.java:66)\r\n\tat workflows.WebFlows.myInfoUploadPhoto(WebFlows.java:106)\r\n\tat sanity.OrangeHRMWeb.TC_08(OrangeHRMWeb.java:48)\r\n\tat sun.reflect.NativeMethodAccessorImpl.invoke0(Native Method)\r\n\tat sun.reflect.NativeMethodAccessorImpl.invoke(NativeMethodAccessorImpl.java:62)\r\n\tat sun.reflect.DelegatingMethodAccessorImpl.invoke(DelegatingMethodAccessorImpl.java:43)\r\n\tat java.lang.reflect.Method.invoke(Method.java:498)\r\n\tat org.testng.internal.MethodInvocationHelper.invokeMethod(MethodInvocationHelper.java:133)\r\n\tat org.testng.internal.TestInvoker.invokeMethod(TestInvoker.java:584)\r\n\tat org.testng.internal.TestInvoker.invokeTestMethod(TestInvoker.java:172)\r\n\tat org.testng.internal.MethodRunner.runInSequence(MethodRunner.java:46)\r\n\tat org.testng.internal.TestInvoker$MethodInvocationAgent.invoke(TestInvoker.java:804)\r\n\tat org.testng.internal.TestInvoker.invokeTestMethods(TestInvoker.java:145)\r\n\tat org.testng.internal.TestMethodWorker.invokeTestMethods(TestMethodWorker.java:146)\r\n\tat org.testng.internal.TestMethodWorker.run(TestMethodWorker.java:128)\r\n\tat java.util.ArrayList.forEach(ArrayList.java:1257)\r\n\tat org.testng.TestRunner.privateRun(TestRunner.java:770)\r\n\tat org.testng.TestRunner.run(TestRunner.java:591)\r\n\tat org.testng.SuiteRunner.runTest(SuiteRunner.java:402)\r\n\tat org.testng.SuiteRunner.runSequentially(SuiteRunner.java:396)\r\n\tat org.testng.SuiteRunner.privateRun(SuiteRunner.java:355)\r\n\tat org.testng.SuiteRunner.run(SuiteRunner.java:304)\r\n\tat org.testng.SuiteRunnerWorker.runSuite(SuiteRunnerWorker.java:53)\r\n\tat org.testng.SuiteRunnerWorker.run(SuiteRunnerWorker.java:96)\r\n\tat org.testng.TestNG.runSuitesSequentially(TestNG.java:1180)\r\n\tat org.testng.TestNG.runSuitesLocally(TestNG.java:1102)\r\n\tat org.testng.TestNG.runSuites(TestNG.java:1032)\r\n\tat org.testng.TestNG.run(TestNG.java:1000)\r\n\tat com.intellij.rt.testng.IDEARemoteTestNG.run(IDEARemoteTestNG.java:66)\r\n\tat com.intellij.rt.testng.RemoteTestNGStarter.main(RemoteTestNGStarter.java:109)\r\n"},"stage":"finished","description":"This test upload a specific type of file and check if it appear as profile picture","steps":[{"name":"Click on element","status":"passed","stage":"finished","steps":[],"attachments":[],"parameters":[{"name":"elem","value":"[[ChromeDriver: chrome on WINDOWS (2af4201dfd929dad5381cc3a2cb69f8a)] -> xpath: //*[@id='menu_pim_viewMyDetails']]"}],"start":1616349742164,"stop":1616349743319},{"name":"Business flow - Upload my info photograph and check success","status":"failed","statusDetails":{"known":false,"muted":false,"flaky":false,"message":"Error finding expected image FindFailed: C:\\\\automation\\\\test-automation\\\\OrangeHRMproject\\\\imgRepository\\\\pngUnder1.png: (1366x768) in R[0,0 1366x768]@S(0)\n  Line 2287, in file Region.java\n","trace":"java.lang.AssertionError: Error finding expected image FindFailed: C:\\\\automation\\\\test-automation\\\\OrangeHRMproject\\\\imgRepository\\\\pngUnder1.png: (1366x768) in R[0,0 1366x768]@S(0)\n  Line 2287, in file Region.java\n\r\n\tat org.testng.AssertJUnit.fail(AssertJUnit.java:47)\r\n\tat extentions.Verifications.visualElement(Verifications.java:66)\r\n\tat workflows.WebFlows.myInfoUploadPhoto(WebFlows.java:106)\r\n\tat sanity.OrangeHRMWeb.TC_08(OrangeHRMWeb.java:48)\r\n\tat sun.reflect.NativeMethodAccessorImpl.invoke0(Native Method)\r\n\tat sun.reflect.NativeMethodAccessorImpl.invoke(NativeMethodAccessorImpl.java:62)\r\n\tat sun.reflect.DelegatingMethodAccessorImpl.invoke(DelegatingMethodAccessorImpl.java:43)\r\n\tat java.lang.reflect.Method.invoke(Method.java:498)\r\n\tat org.testng.internal.MethodInvocationHelper.invokeMethod(MethodInvocationHelper.java:133)\r\n\tat org.testng.internal.TestInvoker.invokeMethod(TestInvoker.java:584)\r\n\tat org.testng.internal.TestInvoker.invokeTestMethod(TestInvoker.java:172)\r\n\tat org.testng.internal.MethodRunner.runInSequence(MethodRunner.java:46)\r\n\tat org.testng.internal.TestInvoker$MethodInvocationAgent.invoke(TestInvoker.java:804)\r\n\tat org.testng.internal.TestInvoker.invokeTestMethods(TestInvoker.java:145)\r\n\tat org.testng.internal.TestMethodWorker.invokeTestMethods(TestMethodWorker.java:146)\r\n\tat org.testng.internal.TestMethodWorker.run(TestMethodWorker.java:128)\r\n\tat java.util.ArrayList.forEach(ArrayList.java:1257)\r\n\tat org.testng.TestRunner.privateRun(TestRunner.java:770)\r\n\tat org.testng.TestRunner.run(TestRunner.java:591)\r\n\tat org.testng.SuiteRunner.runTest(SuiteRunner.java:402)\r\n\tat org.testng.SuiteRunner.runSequentially(SuiteRunner.java:396)\r\n\tat org.testng.SuiteRunner.privateRun(SuiteRunner.java:355)\r\n\tat org.testng.SuiteRunner.run(SuiteRunner.java:304)\r\n\tat org.testng.SuiteRunnerWorker.runSuite(SuiteRunnerWorker.java:53)\r\n\tat org.testng.SuiteRunnerWorker.run(SuiteRunnerWorker.java:96)\r\n\tat org.testng.TestNG.runSuitesSequentially(TestNG.java:1180)\r\n\tat org.testng.TestNG.runSuitesLocally(TestNG.java:1102)\r\n\tat org.testng.TestNG.runSuites(TestNG.java:1032)\r\n\tat org.testng.TestNG.run(TestNG.java:1000)\r\n\tat com.intellij.rt.testng.IDEARemoteTestNG.run(IDEARemoteTestNG.java:66)\r\n\tat com.intellij.rt.testng.RemoteTestNGStarter.main(RemoteTestNGStarter.java:109)\r\n"},"stage":"finished","steps":[{"name":"Click on element","status":"passed","stage":"finished","steps":[],"attachments":[],"parameters":[{"name":"elem","value":"[[ChromeDriver: chrome on WINDOWS (2af4201dfd929dad5381cc3a2cb69f8a)] -> xpath: //div[@class='imageHolder']]"}],"start":1616349743340,"stop":1616349744178},{"name":"Upload file","status":"passed","stage":"finished","steps":[],"attachments":[],"parameters":[{"name":"elem","value":"[[ChromeDriver: chrome on WINDOWS (2af4201dfd929dad5381cc3a2cb69f8a)] -> id: photofile]"},{"name":"fileName","value":"pngUnder1.png"}],"start":1616349744206,"stop":1616349744324},{"name":"Click on element","status":"passed","stage":"finished","steps":[],"attachments":[],"parameters":[{"name":"elem","value":"[[ChromeDriver: chrome on WINDOWS (2af4201dfd929dad5381cc3a2cb69f8a)] -> id: btnSave]"}],"start":1616349744351,"stop":1616349745756},{"name":"Verify element visually","status":"failed","statusDetails":{"known":false,"muted":false,"flaky":false,"message":"Error finding expected image FindFailed: C:\\\\automation\\\\test-automation\\\\OrangeHRMproject\\\\imgRepository\\\\pngUnder1.png: (1366x768) in R[0,0 1366x768]@S(0)\n  Line 2287, in file Region.java\n","trace":"java.lang.AssertionError: Error finding expected image FindFailed: C:\\\\automation\\\\test-automation\\\\OrangeHRMproject\\\\imgRepository\\\\pngUnder1.png: (1366x768) in R[0,0 1366x768]@S(0)\n  Line 2287, in file Region.java\n\r\n\tat org.testng.AssertJUnit.fail(AssertJUnit.java:47)\r\n\tat extentions.Verifications.visualElement(Verifications.java:66)\r\n\tat workflows.WebFlows.myInfoUploadPhoto(WebFlows.java:106)\r\n\tat sanity.OrangeHRMWeb.TC_08(OrangeHRMWeb.java:48)\r\n\tat sun.reflect.NativeMethodAccessorImpl.invoke0(Native Method)\r\n\tat sun.reflect.NativeMethodAccessorImpl.invoke(NativeMethodAccessorImpl.java:62)\r\n\tat sun.reflect.DelegatingMethodAccessorImpl.invoke(DelegatingMethodAccessorImpl.java:43)\r\n\tat java.lang.reflect.Method.invoke(Method.java:498)\r\n\tat org.testng.internal.MethodInvocationHelper.invokeMethod(MethodInvocationHelper.java:133)\r\n\tat org.testng.internal.TestInvoker.invokeMethod(TestInvoker.java:584)\r\n\tat org.testng.internal.TestInvoker.invokeTestMethod(TestInvoker.java:172)\r\n\tat org.testng.internal.MethodRunner.runInSequence(MethodRunner.java:46)\r\n\tat org.testng.internal.TestInvoker$MethodInvocationAgent.invoke(TestInvoker.java:804)\r\n\tat org.testng.internal.TestInvoker.invokeTestMethods(TestInvoker.java:145)\r\n\tat org.testng.internal.TestMethodWorker.invokeTestMethods(TestMethodWorker.java:146)\r\n\tat org.testng.internal.TestMethodWorker.run(TestMethodWorker.java:128)\r\n\tat java.util.ArrayList.forEach(ArrayList.java:1257)\r\n\tat org.testng.TestRunner.privateRun(TestRunner.java:770)\r\n\tat org.testng.TestRunner.run(TestRunner.java:591)\r\n\tat org.testng.SuiteRunner.runTest(SuiteRunner.java:402)\r\n\tat org.testng.SuiteRunner.runSequentially(SuiteRunner.java:396)\r\n\tat org.testng.SuiteRunner.privateRun(SuiteRunner.java:355)\r\n\tat org.testng.SuiteRunner.run(SuiteRunner.java:304)\r\n\tat org.testng.SuiteRunnerWorker.runSuite(SuiteRunnerWorker.java:53)\r\n\tat org.testng.SuiteRunnerWorker.run(SuiteRunnerWorker.java:96)\r\n\tat org.testng.TestNG.runSuitesSequentially(TestNG.java:1180)\r\n\tat org.testng.TestNG.runSuitesLocally(TestNG.java:1102)\r\n\tat org.testng.TestNG.runSuites(TestNG.java:1032)\r\n\tat org.testng.TestNG.run(TestNG.java:1000)\r\n\tat com.intellij.rt.testng.IDEARemoteTestNG.run(IDEARemoteTestNG.java:66)\r\n\tat com.intellij.rt.testng.RemoteTestNGStarter.main(RemoteTestNGStarter.java:109)\r\n"},"stage":"finished","steps":[],"attachments":[],"parameters":[{"name":"expectedImageName","value":"pngUnder1.png"}],"start":1616349745757,"stop":1616349746794}],"attachments":[],"parameters":[{"name":"fileName","value":"pngUnder1"},{"name":"fileType","value":"png"},{"name":"validFile","value":"valid"}],"start":1616349743319,"stop":1616349746794}],"attachments":[{"name":"Page Screen-Shot","source":"6bbd4666-1876-46ae-9daa-761010890cf0-attachment","type":"image/png"}],"parameters":[{"name":"arg2","value":"valid"},{"name":"arg1","value":"png"},{"name":"arg0","value":"pngUnder1"}],"start":1616349742133,"stop":1616349747804,"uuid":"8b60deaa-0b0c-4326-ae20-e3f993f97ff7","historyId":"defec33ce55c2657927f770697afa78d","fullName":"sanity.OrangeHRMWeb.TC_08","labels":[{"name":"package","value":"sanity.OrangeHRMWeb"},{"name":"testClass","value":"sanity.OrangeHRMWeb"},{"name":"testMethod","value":"TC_08"},{"name":"parentSuite","value":"Default Suite"},{"name":"suite","value":"OrangeHRMproject"},{"name":"subSuite","value":"sanity.OrangeHRMWeb"},{"name":"host","value":"DESKTOP-82JU422"},{"name":"thread","value":"13652@DESKTOP-82JU422.main(1)"},{"name":"framework","value":"testng"},{"name":"language","value":"java"}],"links":[]}